┌──(kali㉿kali)-[~/tryhackme/blueprint]
└─$ regripper -r NTUSER.DAT.LOG -f ntuser

Parsed Plugins file.
Error in adoberdr: Can't locate /usr/lib/regripper/plugins/adoberdr.pl at /usr/bin/regripper line 193.

adoberdr complete.
----------------------------------------
Launching allowedenum v.20200511
allowedenum v.20200511
(NTUSER.DAT, Software) Extracts AllowedEnumeration values to determine hidden special folders

Error in allowedenum: Can't call method "get_subkey" on an undefined value at /usr/lib/regripper/plugins/allowedenum.pl line 61.

allowedenum complete.
----------------------------------------
Launching appassoc v.20200515
appassoc v.20200515
- Gets contents of user's ApplicationAssociationToasts key

Error in appassoc: Can't call method "get_subkey" on an undefined value at /usr/lib/regripper/plugins/appassoc.pl line 46.

appassoc complete.
----------------------------------------
Launching appcompatflags v.20200525
appcompatflags v.20200525
(NTUSER.DAT, Software) Extracts AppCompatFlags for Windows.

Error in appcompatflags: Can't call method "get_subkey" on an undefined value at /usr/lib/regripper/plugins/appcompatflags.pl line 76.

appcompatflags complete.
----------------------------------------
Launching appkeys v.20200517
appkeys v.20200517
(NTUSER.DAT, Software) Extracts AppKeys entries.

Error in appkeys: Can't call method "get_subkey" on an undefined value at /usr/lib/regripper/plugins/appkeys.pl line 53.

appkeys complete.
----------------------------------------
Launching applets v.20200525
applets v.20200525
(NTUSER.DAT) Gets contents of user's Applets key

Error in applets: Can't call method "get_subkey" on an undefined value at /usr/lib/regripper/plugins/applets.pl line 50.

applets complete.
----------------------------------------
Launching apppaths v.20200511
apppaths v.20200511
(NTUSER.DAT,Software) Gets content of App Paths subkeys

Error in apppaths: Can't call method "get_subkey" on an undefined value at /usr/lib/regripper/plugins/apppaths.pl line 65.

apppaths complete.
----------------------------------------
Launching appspecific v.20200515
Error in appspecific: Can't call method "get_subkey" on an undefined value at /usr/lib/regripper/plugins/appspecific.pl line 45.

appspecific complete.
----------------------------------------
Launching appx v.20200427
appx v.20200427
(NTUSER.DAT, USRCLASS.DAT) Checks for persistence via Universal Windows Platform Apps

Error in appx: Can't call method "get_subkey" on an undefined value at /usr/lib/regripper/plugins/appx.pl line 50.

appx complete.
----------------------------------------
Launching arpcache v.20200515
arpcache v.20200515
(NTUSER.DAT) Retrieves CurrentVersion\App Management\ARPCache entries

Error in arpcache: Can't call method "get_subkey" on an undefined value at /usr/lib/regripper/plugins/arpcache.pl line 57.

arpcache complete.
----------------------------------------
Launching attachmgr v.20200525
attachmgr v.20200525
(NTUSER.DAT) Checks user's keys that manage the Attachment Manager functionality

Error in attachmgr: Can't call method "get_subkey" on an undefined value at /usr/lib/regripper/plugins/attachmgr.pl line 59.

attachmgr complete.
----------------------------------------
Launching cached v.20200525
cached v.20200525
(NTUSER.DAT) Gets cached Shell Extensions from NTUSER.DAT hive

Error in cached: Can't call method "get_subkey" on an undefined value at /usr/lib/regripper/plugins/cached.pl line 63.

cached complete.
----------------------------------------
Launching cmdproc v.20200515
cmdproc v.20200515
(NTUSER.DAT) Autostart - get Command Processor\AutoRun value from NTUSER.DAT hive

Error in cmdproc: Can't call method "get_subkey" on an undefined value at /usr/lib/regripper/plugins/cmdproc.pl line 52.

cmdproc complete.
----------------------------------------
Launching comdlg32 v.20200517
comdlg32 v.20200517

Error in comdlg32: Can't call method "get_subkey" on an undefined value at /usr/lib/regripper/plugins/comdlg32.pl line 101.

comdlg32 complete.
----------------------------------------
Launching compdesc v.20200511
compdesc v.20200511
(NTUSER.DAT) Gets contents of user's ComputerDescriptions key

Error in compdesc: Can't call method "get_subkey" on an undefined value at /usr/lib/regripper/plugins/compdesc.pl line 47.

compdesc complete.
----------------------------------------
Launching DDO v.20140414
DDO v.20140414
(NTUSER.DAT) Gets user's DeviceDisplayObjects key contents

Error in ddo: Can't call method "get_subkey" on an undefined value at /usr/lib/regripper/plugins/ddo.pl line 46.

ddo complete.
----------------------------------------
Launching disablemru v.20190924
disablemru v.20190924
(NTUSER.DAT, Software) Checks settings disabling user's MRUs

Error in disablemru: Can't call method "get_subkey" on an undefined value at /usr/lib/regripper/plugins/disablemru.pl line 51.

disablemru complete.
----------------------------------------
Launching environment v.20200512
environment v.20200512
(System, NTUSER.DAT) Get environment vars from NTUSER.DAT & System hives

Error in environment: Can't call method "get_subkey" on an undefined value at /usr/lib/regripper/plugins/environment.pl line 77.

environment complete.
----------------------------------------
Launching featureusage v.20200511
featureusage v.20200511
(NTUSER.DAT) Extracts user's FeatureUsage data.

Error in featureusage: Can't call method "get_subkey" on an undefined value at /usr/lib/regripper/plugins/featureusage.pl line 52.

featureusage complete.
----------------------------------------
Launching identities v.20200525
identities v.20200525
(NTUSER.DAT) Extracts values from Identities key; NTUSER.DAT

Error in identities: Can't call method "get_subkey" on an undefined value at /usr/lib/regripper/plugins/identities.pl line 47.

identities complete.
----------------------------------------
Launching injectdll64 v.20200427
injectdll64 v.20200427
(NTUSER.DAT, Software) Retrieve values set to weaken Chrome security

Error in injectdll64: Can't call method "get_subkey" on an undefined value at /usr/lib/regripper/plugins/injectdll64.pl line 56.

injectdll64 complete.
----------------------------------------
Launching jumplistdata v.20200517
jumplistdata v.20200517
Gets contents of user's JumpListData key

Error in jumplistdata: Can't call method "get_subkey" on an undefined value at /usr/lib/regripper/plugins/jumplistdata.pl line 47.

jumplistdata complete.
----------------------------------------
Launching knowndev v.20200515
knowndev v.20200515
(NTUSER.DAT) Gets user's KnownDevices key contents

Error in knowndev: Can't call method "get_subkey" on an undefined value at /usr/lib/regripper/plugins/knowndev.pl line 48.

knowndev complete.
----------------------------------------
Error in link_click: Can't locate /usr/lib/regripper/plugins/link_click.pl at /usr/bin/regripper line 193.

link_click complete.
----------------------------------------
Launching listsoft v.20200517
listsoft v.20200517
(NTUSER.DAT) Lists contents of user's Software key

Error in listsoft: Can't call method "get_subkey" on an undefined value at /usr/lib/regripper/plugins/listsoft.pl line 47.

listsoft complete.
----------------------------------------
Launching load v.20200517
load v.20200517
(NTUSER.DAT) Gets load and run values from user hive

Error in load: Can't call method "get_subkey" on an undefined value at /usr/lib/regripper/plugins/load.pl line 49.

load complete.
----------------------------------------
Launching logonstats v.20200517
logonstats v.20200517
Gets contents of user's LogonStats key

Error in logonstats: Can't call method "get_subkey" on an undefined value at /usr/lib/regripper/plugins/logonstats.pl line 45.

logonstats complete.
----------------------------------------
Launching lxss v.20200511
lxss v.20200511
(NTUSER.DAT) Gets WSL config.

Error in lxss: Can't call method "get_subkey" on an undefined value at /usr/lib/regripper/plugins/lxss.pl line 47.

lxss complete.
----------------------------------------
Launching mixer v.20200517
mixer v.20200517
(NTUSER.DAT) Checks user's audio mixer settings

Error in mixer: Can't call method "get_subkey" on an undefined value at /usr/lib/regripper/plugins/mixer.pl line 53.

mixer complete.
----------------------------------------
Launching mmc v.20200517
mmc v.20200517
(NTUSER.DAT) Get contents of user's MMC\Recent File List key

Error in mmc: Can't call method "get_subkey" on an undefined value at /usr/lib/regripper/plugins/mmc.pl line 48.

mmc complete.
----------------------------------------
Launching mmo v.20200517
mmo v.20200517
(NTUSER.DAT) Checks NTUSER for Multimedia\Other values [malware]

Error in mmo: Can't call method "get_subkey" on an undefined value at /usr/lib/regripper/plugins/mmo.pl line 56.

mmo complete.
----------------------------------------
Launching mndmru v.20200517
mndmru v.20200517
(NTUSER.DAT) Get contents of user's Map Network Drive MRU

Error in mndmru: Can't call method "get_subkey" on an undefined value at /usr/lib/regripper/plugins/mndmru.pl line 46.

mndmru complete.
----------------------------------------
Launching mp2 v.20200526
mp2 v.20200526
(NTUSER.DAT) Gets user's MountPoints2 key contents

Error in mp2: Can't call method "get_subkey" on an undefined value at /usr/lib/regripper/plugins/mp2.pl line 57.

mp2 complete.
----------------------------------------
Launching mpmru v.20200517
mpmru v.20200517
(NTUSER.DAT) Gets user's Media Player RecentFileList values

Error in mpmru: Can't call method "get_subkey" on an undefined value at /usr/lib/regripper/plugins/mpmru.pl line 47.

mpmru complete.
----------------------------------------
Launching  msoffice v.20200518
msoffice v.20200518

Error in msoffice: Can't call method "get_subkey" on an undefined value at /usr/lib/regripper/plugins/msoffice.pl line 66.

msoffice complete.
----------------------------------------
Launching muicache v.20200525
muicache v.20200525
(NTUSER.DAT,USRCLASS.DAT) Gets EXEs from user's MUICache key

Error in muicache: Can't call method "get_subkey" on an undefined value at /usr/lib/regripper/plugins/muicache.pl line 47.

muicache complete.
----------------------------------------
Launching nation v.20200517
nation v.20200517
(ntuser.dat) Gets region information from HKCU

Error in nation: Can't call method "get_subkey" on an undefined value at /usr/lib/regripper/plugins/nation.pl line 51.

nation complete.
----------------------------------------
Launching oisc v.20091125
oisc v.20091125
(NTUSER.DAT) Gets contents of user's Office Internet Server Cache

Error in oisc: Can't call method "get_subkey" on an undefined value at /usr/lib/regripper/plugins/oisc.pl line 65.

oisc complete.
----------------------------------------
Launching onedrivev.20200515
onedrive v.20200515
(NTUSER.DAT) Gets contents of user's OneDrive key

Error in onedrive: Can't call method "get_subkey" on an undefined value at /usr/lib/regripper/plugins/onedrive.pl line 47.

onedrive complete.
----------------------------------------
Launching osversion v.20200511
Error in osversion: Can't call method "get_subkey" on an undefined value at /usr/lib/regripper/plugins/osversion.pl line 48.

osversion complete.
----------------------------------------
Launching outlook_homepage v.20201002
outlookhomepage v.20201002
(NTUSER.DAT, Software) Retrieve values set to attack Outlook WebView Homepage

Looking for webview homepage modifications. If this value is pointing
to a URL outside the corporate domain it may be a malicious site.
Error in outlook_homepage: Can't call method "get_subkey" on an undefined value at /usr/lib/regripper/plugins/outlook_homepage.pl line 72.

outlook_homepage complete.
----------------------------------------
Launching pendinggpos v.20200427
pendinggpos v.20200427
NTUSER.DAT - Gets contents of user's PendingGPOs key

Error in pendinggpos: Can't call method "get_subkey" on an undefined value at /usr/lib/regripper/plugins/pendinggpos.pl line 48.

pendinggpos complete.
----------------------------------------
Launching profiler v.20200525
profiler v.20200525
(NTUSER.DAT, System) Environment profiler information

Error in profiler: Can't call method "get_subkey" on an undefined value at /usr/lib/regripper/plugins/profiler.pl line 51.

profiler complete.
----------------------------------------
Launching pslogging v.20200515
pslogging v.20200515
(NTUSER.DAT, Software) Extracts PowerShell logging settings

Error in pslogging: Can't call method "get_subkey" on an undefined value at /usr/lib/regripper/plugins/pslogging.pl line 52.

pslogging complete.
----------------------------------------
Launching psscript v.20200525
Error in psscript: Can't call method "get_subkey" on an undefined value at /usr/lib/regripper/plugins/psscript.pl line 53.

psscript complete.
----------------------------------------
Launching putty v.20200515
putty v.20200515
(NTUSER.DAT) Extracts the saved SshHostKeys for PuTTY.

Error in putty: Can't call method "get_subkey" on an undefined value at /usr/lib/regripper/plugins/putty.pl line 48.

putty complete.
----------------------------------------
Launching recentapps v.20200515
recentapps v.20200515
- Gets contents of user's RecentApps key

Error in recentapps: Can't call method "get_subkey" on an undefined value at /usr/lib/regripper/plugins/recentapps.pl line 46.

recentapps complete.
----------------------------------------
Launching recentdocs v.20200427
recentdocs v.20200427
(NTUSER.DAT) Gets contents of user's RecentDocs key

Error in recentdocs: Can't call method "get_subkey" on an undefined value at /usr/lib/regripper/plugins/recentdocs.pl line 52.

recentdocs complete.
----------------------------------------
Launching run v.20200511
run v.20200511
(Software, NTUSER.DAT) [Autostart] Get autostart key contents from Software hive

Error in run: Can't call method "get_subkey" on an undefined value at /usr/lib/regripper/plugins/run.pl line 88.

run complete.
----------------------------------------
Launching runmru v.20200525
runmru v.20200525
(NTUSER.DAT) Gets contents of user's RunMRU key

Error in runmru: Can't call method "get_subkey" on an undefined value at /usr/lib/regripper/plugins/runmru.pl line 49.

runmru complete.
----------------------------------------
Launching runvirtual v.20200427
runvirtual v.20200427
(NTUSER.DAT, Software) Gets RunVirtual entries

Error in runvirtual: Can't call method "get_subkey" on an undefined value at /usr/lib/regripper/plugins/runvirtual.pl line 50.

runvirtual complete.
----------------------------------------
Launching searchscopes v.20200517
searchscopes v.20200517
- Gets contents of user's SearchScopes key

Error in searchscopes: Can't call method "get_subkey" on an undefined value at /usr/lib/regripper/plugins/searchscopes.pl line 48.

searchscopes complete.
----------------------------------------
Launching 7-zip v.20210329
sevenzip v.20210329
- Gets records of histories from 7-Zip keys

Error in sevenzip: Can't call method "get_subkey" on an undefined value at /usr/lib/regripper/plugins/sevenzip.pl line 56.

sevenzip complete.
----------------------------------------
Launching shc v.20200427
shc v.20200427
(NTUSER.DAT) Gets SHC entries from user hive

Error in shc: Can't call method "get_subkey" on an undefined value at /usr/lib/regripper/plugins/shc.pl line 54.

shc complete.
----------------------------------------
Launching shellfolders v.20200515
shellfolders v.20200515
Gets user's shell folders values

Error in shellfolders: Can't call method "get_subkey" on an undefined value at /usr/lib/regripper/plugins/shellfolders.pl line 51.

shellfolders complete.
----------------------------------------
Launching speech v.20200427
speech v.20200427
(NTUSER.DAT) Get values from user's Speech key

Error in speech: Can't call method "get_subkey" on an undefined value at /usr/lib/regripper/plugins/speech.pl line 52.

speech complete.
----------------------------------------
Launching sysinternals v.20080324
Error in sysinternals: Can't call method "get_subkey" on an undefined value at /usr/lib/regripper/plugins/sysinternals.pl line 45.

sysinternals complete.
----------------------------------------
Launching tsclient v.20200518
Launching tsclient v.20200518
(NTUSER.DAT) Displays contents of user's Terminal Server Client\Default key

Error in tsclient: Can't call method "get_subkey" on an undefined value at /usr/lib/regripper/plugins/tsclient.pl line 48.

tsclient complete.
----------------------------------------
Launching typedpaths v.20200526
typedpaths v.20200526
(NTUSER.DAT) Gets contents of user's typedpaths key

Error in typedpaths: Can't call method "get_subkey" on an undefined value at /usr/lib/regripper/plugins/typedpaths.pl line 46.

typedpaths complete.
----------------------------------------
Launching typedurls v.20200526
typedurls v.20200526
(NTUSER.DAT) Returns contents of user's TypedURLs key.

Error in typedurls: Can't call method "get_subkey" on an undefined value at /usr/lib/regripper/plugins/typedurls.pl line 61.

typedurls complete.
----------------------------------------
Launching typedurlstime v.20200526
typedurlstime v.20200526
(NTUSER.DAT) Returns contents of user's TypedURLsTime key.

Error in typedurlstime: Can't call method "get_subkey" on an undefined value at /usr/lib/regripper/plugins/typedurlstime.pl line 52.

typedurlstime complete.
----------------------------------------
Launching uninstall v.20200525
uninstall v.20200525
(Software, NTUSER.DAT) Gets contents of Uninstall keys from Software, NTUSER.DAT hives

Uninstall
Error in uninstall: Can't call method "get_subkey" on an undefined value at /usr/lib/regripper/plugins/uninstall.pl line 61.

uninstall complete.
----------------------------------------
Launching userassist v.20170204
Error in userassist: Can't call method "get_subkey" on an undefined value at /usr/lib/regripper/plugins/userassist.pl line 51.

userassist complete.
----------------------------------------
Launching wc_shares v.20200515
wc_shares v.20200515
- Gets contents of user's WorkgroupCrawler/Shares subkeys

Error in wc_shares: Can't call method "get_subkey" on an undefined value at /usr/lib/regripper/plugins/wc_shares.pl line 47.

wc_shares complete.
----------------------------------------
Launching winrar v.20200526
winrar v.20200526
(NTUSER.DAT) Get WinRAR\ArcHistory entries

Error in winrar: Can't call method "get_subkey" on an undefined value at /usr/lib/regripper/plugins/winrar.pl line 46.

winrar complete.
----------------------------------------
Launching winscp v.20201227
winscp v.20201227
(NTUSER.DAT) Gets user's WinSCP 2 data

Error in winscp: Can't call method "get_subkey" on an undefined value at /usr/lib/regripper/plugins/winscp.pl line 68.

winscp complete.
----------------------------------------
Launching WinZip v.20200526
winzip v.20200526
(NTUSER.DAT) Get WinZip extract and filemenu values

Error in winzip: Can't call method "get_subkey" on an undefined value at /usr/lib/regripper/plugins/winzip.pl line 43.

winzip complete.
----------------------------------------
Launching wordwheelquery v.20200823
wordwheelquery v.20200823
(NTUSER.DAT) Gets contents of user's WordWheelQuery key

Error in wordwheelquery: Can't call method "get_subkey" on an undefined value at /usr/lib/regripper/plugins/wordwheelquery.pl line 48.

wordwheelquery complete.
----------------------------------------
